[debug] [2022-06-20T08:19:04.703Z] ----------------------------------------------------------------------
[debug] [2022-06-20T08:19:04.705Z] Command:       C:\Program Files\nodejs\node.exe C:\Users\Admin\AppData\Roaming\npm\node_modules\firebase-tools\lib\bin\firebase.js deploy --only functions
[debug] [2022-06-20T08:19:04.705Z] CLI Version:   11.0.1
[debug] [2022-06-20T08:19:04.706Z] Platform:      win32
[debug] [2022-06-20T08:19:04.706Z] Node Version:  v16.15.0
[debug] [2022-06-20T08:19:04.706Z] Time:          Mon Jun 20 2022 15:19:04 GMT+0700 (Indochina Time)
[debug] [2022-06-20T08:19:04.707Z] ----------------------------------------------------------------------
[debug] 
[debug] [2022-06-20T08:19:04.766Z] > command requires scopes: ["email","openid","https://www.googleapis.com/auth/cloudplatformprojects.readonly","https://www.googleapis.com/auth/firebase","https://www.googleapis.com/auth/cloud-platform"]
[debug] [2022-06-20T08:19:04.766Z] > authorizing via signed-in user (hhoc.conando@gmail.com)
[debug] [2022-06-20T08:19:04.766Z] [iam] checking project design-team-6d633 for permissions ["cloudfunctions.functions.create","cloudfunctions.functions.delete","cloudfunctions.functions.get","cloudfunctions.functions.list","cloudfunctions.functions.update","cloudfunctions.operations.get","firebase.projects.get"]
[debug] [2022-06-20T08:19:04.768Z] >>> [apiv2][query] POST https://cloudresourcemanager.googleapis.com/v1/projects/design-team-6d633:testIamPermissions [none]
[debug] [2022-06-20T08:19:04.769Z] >>> [apiv2][body] POST https://cloudresourcemanager.googleapis.com/v1/projects/design-team-6d633:testIamPermissions {"permissions":["cloudfunctions.functions.create","cloudfunctions.functions.delete","cloudfunctions.functions.get","cloudfunctions.functions.list","cloudfunctions.functions.update","cloudfunctions.operations.get","firebase.projects.get"]}
[debug] [2022-06-20T08:19:05.812Z] <<< [apiv2][status] POST https://cloudresourcemanager.googleapis.com/v1/projects/design-team-6d633:testIamPermissions 200
[debug] [2022-06-20T08:19:05.812Z] <<< [apiv2][body] POST https://cloudresourcemanager.googleapis.com/v1/projects/design-team-6d633:testIamPermissions {"permissions":["cloudfunctions.functions.create","cloudfunctions.functions.delete","cloudfunctions.functions.get","cloudfunctions.functions.list","cloudfunctions.functions.update","cloudfunctions.operations.get","firebase.projects.get"]}
[debug] [2022-06-20T08:19:05.812Z] >>> [apiv2][query] POST https://iam.googleapis.com/v1/projects/design-team-6d633/serviceAccounts/design-team-6d633@appspot.gserviceaccount.com:testIamPermissions [none]
[debug] [2022-06-20T08:19:05.813Z] >>> [apiv2][body] POST https://iam.googleapis.com/v1/projects/design-team-6d633/serviceAccounts/design-team-6d633@appspot.gserviceaccount.com:testIamPermissions {"permissions":["iam.serviceAccounts.actAs"]}
[debug] [2022-06-20T08:19:06.927Z] <<< [apiv2][status] POST https://iam.googleapis.com/v1/projects/design-team-6d633/serviceAccounts/design-team-6d633@appspot.gserviceaccount.com:testIamPermissions 200
[debug] [2022-06-20T08:19:06.927Z] <<< [apiv2][body] POST https://iam.googleapis.com/v1/projects/design-team-6d633/serviceAccounts/design-team-6d633@appspot.gserviceaccount.com:testIamPermissions {"permissions":["iam.serviceAccounts.actAs"]}
[info] 
[info] === Deploying to 'design-team-6d633'...
[info] 
[info] i  deploying functions 
[debug] [2022-06-20T08:19:06.931Z] >>> [apiv2][query] GET https://firebase.googleapis.com/v1beta1/projects/design-team-6d633 [none]
[debug] [2022-06-20T08:19:07.353Z] <<< [apiv2][status] GET https://firebase.googleapis.com/v1beta1/projects/design-team-6d633 200
[debug] [2022-06-20T08:19:07.353Z] <<< [apiv2][body] GET https://firebase.googleapis.com/v1beta1/projects/design-team-6d633 {"projectId":"design-team-6d633","projectNumber":"305338666112","displayName":"Design Team","name":"projects/design-team-6d633","resources":{"hostingSite":"design-team-6d633","realtimeDatabaseInstance":"design-team-6d633-default-rtdb","storageBucket":"design-team-6d633.appspot.com","locationId":"asia-southeast1"},"state":"ACTIVE"}
[info] i  functions: ensuring required API cloudfunctions.googleapis.com is enabled... 
[info] i  functions: ensuring required API cloudbuild.googleapis.com is enabled... 
[debug] [2022-06-20T08:19:07.355Z] >>> [apiv2][query] GET https://serviceusage.googleapis.com/v1/projects/design-team-6d633/services/cloudfunctions.googleapis.com [none]
[debug] [2022-06-20T08:19:07.356Z] >>> [apiv2][query] GET https://serviceusage.googleapis.com/v1/projects/design-team-6d633/services/runtimeconfig.googleapis.com [none]
[debug] [2022-06-20T08:19:07.356Z] >>> [apiv2][query] GET https://serviceusage.googleapis.com/v1/projects/design-team-6d633/services/cloudbuild.googleapis.com [none]
[debug] [2022-06-20T08:19:07.357Z] >>> [apiv2][query] GET https://serviceusage.googleapis.com/v1/projects/design-team-6d633/services/artifactregistry.googleapis.com [none]
[debug] [2022-06-20T08:19:08.676Z] <<< [apiv2][status] GET https://serviceusage.googleapis.com/v1/projects/design-team-6d633/services/runtimeconfig.googleapis.com 200
[debug] [2022-06-20T08:19:08.676Z] <<< [apiv2][body] GET https://serviceusage.googleapis.com/v1/projects/design-team-6d633/services/runtimeconfig.googleapis.com [omitted]
[debug] [2022-06-20T08:19:08.680Z] <<< [apiv2][status] GET https://serviceusage.googleapis.com/v1/projects/design-team-6d633/services/artifactregistry.googleapis.com 200
[debug] [2022-06-20T08:19:08.680Z] <<< [apiv2][body] GET https://serviceusage.googleapis.com/v1/projects/design-team-6d633/services/artifactregistry.googleapis.com [omitted]
[debug] [2022-06-20T08:19:08.681Z] <<< [apiv2][status] GET https://serviceusage.googleapis.com/v1/projects/design-team-6d633/services/cloudbuild.googleapis.com 200
[debug] [2022-06-20T08:19:08.681Z] <<< [apiv2][body] GET https://serviceusage.googleapis.com/v1/projects/design-team-6d633/services/cloudbuild.googleapis.com [omitted]
[info] +  functions: required API cloudbuild.googleapis.com is enabled 
[debug] [2022-06-20T08:19:08.704Z] <<< [apiv2][status] GET https://serviceusage.googleapis.com/v1/projects/design-team-6d633/services/cloudfunctions.googleapis.com 200
[debug] [2022-06-20T08:19:08.704Z] <<< [apiv2][body] GET https://serviceusage.googleapis.com/v1/projects/design-team-6d633/services/cloudfunctions.googleapis.com [omitted]
[info] +  functions: required API cloudfunctions.googleapis.com is enabled 
[debug] [2022-06-20T08:19:08.705Z] >>> [apiv2][query] GET https://firebase.googleapis.com/v1beta1/projects/design-team-6d633/adminSdkConfig [none]
[debug] [2022-06-20T08:19:09.070Z] <<< [apiv2][status] GET https://firebase.googleapis.com/v1beta1/projects/design-team-6d633/adminSdkConfig 200
[debug] [2022-06-20T08:19:09.070Z] <<< [apiv2][body] GET https://firebase.googleapis.com/v1beta1/projects/design-team-6d633/adminSdkConfig {"projectId":"design-team-6d633","databaseURL":"https://design-team-6d633-default-rtdb.asia-southeast1.firebasedatabase.app","storageBucket":"design-team-6d633.appspot.com","locationId":"asia-southeast1"}
[debug] [2022-06-20T08:19:09.070Z] >>> [apiv2][query] GET https://runtimeconfig.googleapis.com/v1beta1/projects/design-team-6d633/configs [none]
[debug] [2022-06-20T08:19:09.511Z] <<< [apiv2][status] GET https://runtimeconfig.googleapis.com/v1beta1/projects/design-team-6d633/configs 200
[debug] [2022-06-20T08:19:09.511Z] <<< [apiv2][body] GET https://runtimeconfig.googleapis.com/v1beta1/projects/design-team-6d633/configs {}
[info] i  functions: preparing codebase default for deployment 
[debug] [2022-06-20T08:19:09.513Z] Validating nodejs source
[debug] [2022-06-20T08:19:11.803Z] > [functions] package.json contents: {
  "name": "functions",
  "description": "Cloud Functions for Firebase",
  "scripts": {
    "serve": "firebase emulators:start --only functions",
    "shell": "firebase functions:shell",
    "start": "npm run shell",
    "deploy": "firebase deploy --only functions",
    "logs": "firebase functions:log"
  },
  "engines": {
    "node": "16"
  },
  "main": "index.js",
  "dependencies": {
    "firebase-admin": "^10.0.2",
    "firebase-functions": "^3.18.0"
  },
  "devDependencies": {
    "firebase-functions-test": "^0.2.0"
  },
  "private": true
}
[debug] [2022-06-20T08:19:11.803Z] Building nodejs source
[debug] [2022-06-20T08:19:11.803Z] Analyzing nodejs backend spec
[debug] [2022-06-20T08:19:11.804Z] Could not find functions.yaml. Must use http discovery
[debug] [2022-06-20T08:19:11.973Z] Serving at port 9005

[debug] [2022-06-20T08:19:12.482Z] Got response from /__/functions.yaml {"endpoints":{"SyncToSheets":{"platform":"gcfv1","eventTrigger":{"eventType":"providers/google.firebase.database/eventTypes/ref.update","eventFilters":{"resource":"projects/_/instances/design-team-6d633-default-rtdb/refs/tasks"},"retry":false},"labels":{},"entryPoint":"SyncToSheets"}},"specVersion":"v1alpha1","requiredAPIs":[]}
[debug] [2022-06-20T08:19:12.488Z] shutdown requested via /__/quitquitquit

[info] i  functions: preparing functions directory for uploading... 
[info] i  functions: packaged E:\New Project\tasks-management\functions (56 KB) for uploading 
[debug] [2022-06-20T08:19:12.741Z] >>> [apiv2][query] GET https://cloudfunctions.googleapis.com/v1/projects/design-team-6d633/locations/-/functions [none]
[debug] [2022-06-20T08:19:13.646Z] <<< [apiv2][status] GET https://cloudfunctions.googleapis.com/v1/projects/design-team-6d633/locations/-/functions 200
[debug] [2022-06-20T08:19:13.646Z] <<< [apiv2][body] GET https://cloudfunctions.googleapis.com/v1/projects/design-team-6d633/locations/-/functions {"functions":[{"name":"projects/design-team-6d633/locations/us-central1/functions/SyncToSheets","eventTrigger":{"eventType":"providers/google.firebase.database/eventTypes/ref.update","resource":"projects/_/instances/design-team-6d633-default-rtdb/refs/tasks","service":"firebaseio.com","failurePolicy":{}},"status":"OFFLINE","entryPoint":"SyncToSheets","timeout":"60s","availableMemoryMb":256,"serviceAccountEmail":"design-team-6d633@appspot.gserviceaccount.com","updateTime":"2022-06-20T08:14:13.006Z","versionId":"1","labels":{"deployment-tool":"cli-firebase"},"sourceUploadUrl":"https://storage.googleapis.com/uploads-68402043749.us-central1.cloudfunctions.appspot.com/b0ebdeb1-124b-4616-96f0-7145442abcb9.zip","environmentVariables":{"FIREBASE_CONFIG":"{\"projectId\":\"design-team-6d633\",\"databaseURL\":\"https://design-team-6d633-default-rtdb.asia-southeast1.firebasedatabase.app\",\"storageBucket\":\"design-team-6d633.appspot.com\",\"locationId\":\"asia-southeast1\"}","GCLOUD_PROJECT":"design-team-6d633"},"runtime":"nodejs16","ingressSettings":"ALLOW_ALL","buildId":"daec7a52-5eae-4c0d-9430-7847c5535ae8","buildName":"projects/305338666112/locations/us-central1/builds/daec7a52-5eae-4c0d-9430-7847c5535ae8","dockerRegistry":"CONTAINER_REGISTRY"}]}
[debug] [2022-06-20T08:19:13.647Z] >>> [apiv2][query] GET https://cloudfunctions.googleapis.com/v2alpha/projects/design-team-6d633/locations/-/functions [none]
[debug] [2022-06-20T08:19:15.550Z] <<< [apiv2][status] GET https://cloudfunctions.googleapis.com/v2alpha/projects/design-team-6d633/locations/-/functions 200
[debug] [2022-06-20T08:19:15.550Z] <<< [apiv2][body] GET https://cloudfunctions.googleapis.com/v2alpha/projects/design-team-6d633/locations/-/functions {}
[debug] [2022-06-20T08:19:15.555Z] >>> [apiv2][query] GET https://firebase.googleapis.com/v1beta1/projects/design-team-6d633 [none]
[debug] [2022-06-20T08:19:15.958Z] <<< [apiv2][status] GET https://firebase.googleapis.com/v1beta1/projects/design-team-6d633 200
[debug] [2022-06-20T08:19:15.958Z] <<< [apiv2][body] GET https://firebase.googleapis.com/v1beta1/projects/design-team-6d633 {"projectId":"design-team-6d633","projectNumber":"305338666112","displayName":"Design Team","name":"projects/design-team-6d633","resources":{"hostingSite":"design-team-6d633","realtimeDatabaseInstance":"design-team-6d633-default-rtdb","storageBucket":"design-team-6d633.appspot.com","locationId":"asia-southeast1"},"state":"ACTIVE"}
[debug] [2022-06-20T08:19:15.959Z] >>> [apiv2][query] POST https://cloudfunctions.googleapis.com/v1/projects/design-team-6d633/locations/us-central1/functions:generateUploadUrl [none]
[debug] [2022-06-20T08:19:15.959Z] >>> [apiv2][body] POST https://cloudfunctions.googleapis.com/v1/projects/design-team-6d633/locations/us-central1/functions:generateUploadUrl {}
[debug] [2022-06-20T08:19:16.682Z] <<< [apiv2][status] POST https://cloudfunctions.googleapis.com/v1/projects/design-team-6d633/locations/us-central1/functions:generateUploadUrl 200
[debug] [2022-06-20T08:19:16.682Z] <<< [apiv2][body] POST https://cloudfunctions.googleapis.com/v1/projects/design-team-6d633/locations/us-central1/functions:generateUploadUrl {"uploadUrl":"https://storage.googleapis.com/uploads-68402043749.us-central1.cloudfunctions.appspot.com/b6b7ac9a-4a06-4c10-bb89-e1781147f3e8.zip?GoogleAccessId=service-305338666112@gcf-admin-robot.iam.gserviceaccount.com&Expires=1655714951&Signature=kc25zvGOswbo3laL0DmCfm%2Bi0TjR%2FukxmRbnQbKgqD1gyvGMQyF439XG0tywG8L1mKzyOdBG9iMiJ5F7fQFccvsL8mjFvHkx8B1f1fdvj%2BMHIbw21fzEd1h8xdH1jlerOHO4jHq3narNQP1NffB9jmYL4v8tqpqHL6GGnY2MiaEo8A20aAv7fHP4oiFOqYqvXNQYfwilrMZyUDWQzFDrQGCjems%2Fa2YpUjDiw8OItd%2FfzH9G4KZjLjUVOVqVOaGfqfK09fVpylKM2F8WpaFOoND6dwZ0QJymuqdyevUxq8aRH7QyhU00%2FFLMuVwMM1%2BAj5zAWV55PmTS8WfYs715Qw%3D%3D"}
[debug] [2022-06-20T08:19:16.683Z] >>> [apiv2][query] PUT https://storage.googleapis.com/uploads-68402043749.us-central1.cloudfunctions.appspot.com/b6b7ac9a-4a06-4c10-bb89-e1781147f3e8.zip GoogleAccessId=service-305338666112%40gcf-admin-robot.iam.gserviceaccount.com&Expires=1655714951&Signature=kc25zvGOswbo3laL0DmCfm%2Bi0TjR%2FukxmRbnQbKgqD1gyvGMQyF439XG0tywG8L1mKzyOdBG9iMiJ5F7fQFccvsL8mjFvHkx8B1f1fdvj%2BMHIbw21fzEd1h8xdH1jlerOHO4jHq3narNQP1NffB9jmYL4v8tqpqHL6GGnY2MiaEo8A20aAv7fHP4oiFOqYqvXNQYfwilrMZyUDWQzFDrQGCjems%2Fa2YpUjDiw8OItd%2FfzH9G4KZjLjUVOVqVOaGfqfK09fVpylKM2F8WpaFOoND6dwZ0QJymuqdyevUxq8aRH7QyhU00%2FFLMuVwMM1%2BAj5zAWV55PmTS8WfYs715Qw%3D%3D
[debug] [2022-06-20T08:19:16.683Z] >>> [apiv2][body] PUT https://storage.googleapis.com/uploads-68402043749.us-central1.cloudfunctions.appspot.com/b6b7ac9a-4a06-4c10-bb89-e1781147f3e8.zip [stream]
[debug] [2022-06-20T08:19:17.461Z] <<< [apiv2][status] PUT https://storage.googleapis.com/uploads-68402043749.us-central1.cloudfunctions.appspot.com/b6b7ac9a-4a06-4c10-bb89-e1781147f3e8.zip 200
[debug] [2022-06-20T08:19:17.461Z] <<< [apiv2][body] PUT https://storage.googleapis.com/uploads-68402043749.us-central1.cloudfunctions.appspot.com/b6b7ac9a-4a06-4c10-bb89-e1781147f3e8.zip [omitted]
[info] +  functions: functions folder uploaded successfully 
[info] i  functions: updating Node.js 16 function SyncToSheets(us-central1)... 
[debug] [2022-06-20T08:19:17.466Z] >>> [apiv2][query] PATCH https://cloudfunctions.googleapis.com/v1/projects/design-team-6d633/locations/us-central1/functions/SyncToSheets updateMask=name%2CsourceUploadUrl%2CentryPoint%2Cruntime%2Clabels%2CeventTrigger.eventType%2CeventTrigger.resource%2CeventTrigger.failurePolicy%2CavailableMemoryMb%2CenvironmentVariables%2CsourceToken
[debug] [2022-06-20T08:19:17.466Z] >>> [apiv2][body] PATCH https://cloudfunctions.googleapis.com/v1/projects/design-team-6d633/locations/us-central1/functions/SyncToSheets {"name":"projects/design-team-6d633/locations/us-central1/functions/SyncToSheets","sourceUploadUrl":"https://storage.googleapis.com/uploads-68402043749.us-central1.cloudfunctions.appspot.com/b6b7ac9a-4a06-4c10-bb89-e1781147f3e8.zip?GoogleAccessId=service-305338666112@gcf-admin-robot.iam.gserviceaccount.com&Expires=1655714951&Signature=kc25zvGOswbo3laL0DmCfm%2Bi0TjR%2FukxmRbnQbKgqD1gyvGMQyF439XG0tywG8L1mKzyOdBG9iMiJ5F7fQFccvsL8mjFvHkx8B1f1fdvj%2BMHIbw21fzEd1h8xdH1jlerOHO4jHq3narNQP1NffB9jmYL4v8tqpqHL6GGnY2MiaEo8A20aAv7fHP4oiFOqYqvXNQYfwilrMZyUDWQzFDrQGCjems%2Fa2YpUjDiw8OItd%2FfzH9G4KZjLjUVOVqVOaGfqfK09fVpylKM2F8WpaFOoND6dwZ0QJymuqdyevUxq8aRH7QyhU00%2FFLMuVwMM1%2BAj5zAWV55PmTS8WfYs715Qw%3D%3D","entryPoint":"SyncToSheets","runtime":"nodejs16","labels":{"deployment-tool":"cli-firebase"},"eventTrigger":{"eventType":"providers/google.firebase.database/eventTypes/ref.update","resource":"projects/_/instances/design-team-6d633-default-rtdb/refs/tasks"},"availableMemoryMb":256,"environmentVariables":{"FIREBASE_CONFIG":"{\"projectId\":\"design-team-6d633\",\"databaseURL\":\"https://design-team-6d633-default-rtdb.asia-southeast1.firebasedatabase.app\",\"storageBucket\":\"design-team-6d633.appspot.com\",\"locationId\":\"asia-southeast1\"}","GCLOUD_PROJECT":"design-team-6d633"}}
[debug] [2022-06-20T08:19:18.292Z] <<< [apiv2][status] PATCH https://cloudfunctions.googleapis.com/v1/projects/design-team-6d633/locations/us-central1/functions/SyncToSheets 200
[debug] [2022-06-20T08:19:18.292Z] <<< [apiv2][body] PATCH https://cloudfunctions.googleapis.com/v1/projects/design-team-6d633/locations/us-central1/functions/SyncToSheets {"name":"operations/ZGVzaWduLXRlYW0tNmQ2MzMvdXMtY2VudHJhbDEvU3luY1RvU2hlZXRzL0piRVJzcGFYT0Nn","metadata":{"@type":"type.googleapis.com/google.cloud.functions.v1.OperationMetadataV1","target":"projects/design-team-6d633/locations/us-central1/functions/SyncToSheets","type":"UPDATE_FUNCTION","request":{"@type":"type.googleapis.com/google.cloud.functions.v1.CloudFunction","name":"projects/design-team-6d633/locations/us-central1/functions/SyncToSheets","eventTrigger":{"eventType":"providers/google.firebase.database/eventTypes/ref.update","resource":"projects/_/instances/design-team-6d633-default-rtdb/refs/tasks","service":"firebaseio.com"},"status":"OFFLINE","entryPoint":"SyncToSheets","timeout":"60s","availableMemoryMb":256,"serviceAccountEmail":"design-team-6d633@appspot.gserviceaccount.com","updateTime":"2022-06-20T08:14:13.006Z","versionId":"1","labels":{"deployment-tool":"cli-firebase"},"sourceUploadUrl":"https://storage.googleapis.com/uploads-68402043749.us-central1.cloudfunctions.appspot.com/b6b7ac9a-4a06-4c10-bb89-e1781147f3e8.zip?GoogleAccessId=service-305338666112@gcf-admin-robot.iam.gserviceaccount.com&Expires=1655714951&Signature=kc25zvGOswbo3laL0DmCfm%2Bi0TjR%2FukxmRbnQbKgqD1gyvGMQyF439XG0tywG8L1mKzyOdBG9iMiJ5F7fQFccvsL8mjFvHkx8B1f1fdvj%2BMHIbw21fzEd1h8xdH1jlerOHO4jHq3narNQP1NffB9jmYL4v8tqpqHL6GGnY2MiaEo8A20aAv7fHP4oiFOqYqvXNQYfwilrMZyUDWQzFDrQGCjems%2Fa2YpUjDiw8OItd%2FfzH9G4KZjLjUVOVqVOaGfqfK09fVpylKM2F8WpaFOoND6dwZ0QJymuqdyevUxq8aRH7QyhU00%2FFLMuVwMM1%2BAj5zAWV55PmTS8WfYs715Qw%3D%3D","environmentVariables":{"FIREBASE_CONFIG":"{\"projectId\":\"design-team-6d633\",\"databaseURL\":\"https://design-team-6d633-default-rtdb.asia-southeast1.firebasedatabase.app\",\"storageBucket\":\"design-team-6d633.appspot.com\",\"locationId\":\"asia-southeast1\"}","GCLOUD_PROJECT":"design-team-6d633"},"runtime":"nodejs16","ingressSettings":"ALLOW_ALL","buildId":"daec7a52-5eae-4c0d-9430-7847c5535ae8","buildName":"projects/305338666112/locations/us-central1/builds/daec7a52-5eae-4c0d-9430-7847c5535ae8","dockerRegistry":"CONTAINER_REGISTRY"},"versionId":"2","updateTime":"2022-06-20T08:19:12Z"}}
[debug] [2022-06-20T08:19:18.292Z] >>> [apiv2][query] GET https://cloudfunctions.googleapis.com/v1/operations/ZGVzaWduLXRlYW0tNmQ2MzMvdXMtY2VudHJhbDEvU3luY1RvU2hlZXRzL0piRVJzcGFYT0Nn [none]
[debug] [2022-06-20T08:19:18.720Z] <<< [apiv2][status] GET https://cloudfunctions.googleapis.com/v1/operations/ZGVzaWduLXRlYW0tNmQ2MzMvdXMtY2VudHJhbDEvU3luY1RvU2hlZXRzL0piRVJzcGFYT0Nn 200
[debug] [2022-06-20T08:19:18.720Z] <<< [apiv2][body] GET https://cloudfunctions.googleapis.com/v1/operations/ZGVzaWduLXRlYW0tNmQ2MzMvdXMtY2VudHJhbDEvU3luY1RvU2hlZXRzL0piRVJzcGFYT0Nn {"name":"operations/ZGVzaWduLXRlYW0tNmQ2MzMvdXMtY2VudHJhbDEvU3luY1RvU2hlZXRzL0piRVJzcGFYT0Nn","metadata":{"@type":"type.googleapis.com/google.cloud.functions.v1.OperationMetadataV1","target":"projects/design-team-6d633/locations/us-central1/functions/SyncToSheets","type":"UPDATE_FUNCTION","request":{"@type":"type.googleapis.com/google.cloud.functions.v1.CloudFunction","name":"projects/design-team-6d633/locations/us-central1/functions/SyncToSheets","eventTrigger":{"eventType":"providers/google.firebase.database/eventTypes/ref.update","resource":"projects/_/instances/design-team-6d633-default-rtdb/refs/tasks","service":"firebaseio.com"},"status":"OFFLINE","entryPoint":"SyncToSheets","timeout":"60s","availableMemoryMb":256,"serviceAccountEmail":"design-team-6d633@appspot.gserviceaccount.com","updateTime":"2022-06-20T08:14:13.006Z","versionId":"1","labels":{"deployment-tool":"cli-firebase"},"sourceUploadUrl":"https://storage.googleapis.com/uploads-68402043749.us-central1.cloudfunctions.appspot.com/b6b7ac9a-4a06-4c10-bb89-e1781147f3e8.zip?GoogleAccessId=service-305338666112@gcf-admin-robot.iam.gserviceaccount.com&Expires=1655714951&Signature=kc25zvGOswbo3laL0DmCfm%2Bi0TjR%2FukxmRbnQbKgqD1gyvGMQyF439XG0tywG8L1mKzyOdBG9iMiJ5F7fQFccvsL8mjFvHkx8B1f1fdvj%2BMHIbw21fzEd1h8xdH1jlerOHO4jHq3narNQP1NffB9jmYL4v8tqpqHL6GGnY2MiaEo8A20aAv7fHP4oiFOqYqvXNQYfwilrMZyUDWQzFDrQGCjems%2Fa2YpUjDiw8OItd%2FfzH9G4KZjLjUVOVqVOaGfqfK09fVpylKM2F8WpaFOoND6dwZ0QJymuqdyevUxq8aRH7QyhU00%2FFLMuVwMM1%2BAj5zAWV55PmTS8WfYs715Qw%3D%3D","environmentVariables":{"FIREBASE_CONFIG":"{\"projectId\":\"design-team-6d633\",\"databaseURL\":\"https://design-team-6d633-default-rtdb.asia-southeast1.firebasedatabase.app\",\"storageBucket\":\"design-team-6d633.appspot.com\",\"locationId\":\"asia-southeast1\"}","GCLOUD_PROJECT":"design-team-6d633"},"runtime":"nodejs16","ingressSettings":"ALLOW_ALL","buildId":"daec7a52-5eae-4c0d-9430-7847c5535ae8","buildName":"projects/305338666112/locations/us-central1/builds/daec7a52-5eae-4c0d-9430-7847c5535ae8","dockerRegistry":"CONTAINER_REGISTRY"},"versionId":"2","updateTime":"2022-06-20T08:19:13Z"}}
[debug] [2022-06-20T08:19:19.230Z] [update-default-us-central1-SyncToSheets] Retrying task index 0
[debug] [2022-06-20T08:19:19.230Z] >>> [apiv2][query] GET https://cloudfunctions.googleapis.com/v1/operations/ZGVzaWduLXRlYW0tNmQ2MzMvdXMtY2VudHJhbDEvU3luY1RvU2hlZXRzL0piRVJzcGFYT0Nn [none]
[debug] [2022-06-20T08:19:19.681Z] <<< [apiv2][status] GET https://cloudfunctions.googleapis.com/v1/operations/ZGVzaWduLXRlYW0tNmQ2MzMvdXMtY2VudHJhbDEvU3luY1RvU2hlZXRzL0piRVJzcGFYT0Nn 200
[debug] [2022-06-20T08:19:19.681Z] <<< [apiv2][body] GET https://cloudfunctions.googleapis.com/v1/operations/ZGVzaWduLXRlYW0tNmQ2MzMvdXMtY2VudHJhbDEvU3luY1RvU2hlZXRzL0piRVJzcGFYT0Nn {"name":"operations/ZGVzaWduLXRlYW0tNmQ2MzMvdXMtY2VudHJhbDEvU3luY1RvU2hlZXRzL0piRVJzcGFYT0Nn","metadata":{"@type":"type.googleapis.com/google.cloud.functions.v1.OperationMetadataV1","target":"projects/design-team-6d633/locations/us-central1/functions/SyncToSheets","type":"UPDATE_FUNCTION","request":{"@type":"type.googleapis.com/google.cloud.functions.v1.CloudFunction","name":"projects/design-team-6d633/locations/us-central1/functions/SyncToSheets","eventTrigger":{"eventType":"providers/google.firebase.database/eventTypes/ref.update","resource":"projects/_/instances/design-team-6d633-default-rtdb/refs/tasks","service":"firebaseio.com"},"status":"OFFLINE","entryPoint":"SyncToSheets","timeout":"60s","availableMemoryMb":256,"serviceAccountEmail":"design-team-6d633@appspot.gserviceaccount.com","updateTime":"2022-06-20T08:14:13.006Z","versionId":"1","labels":{"deployment-tool":"cli-firebase"},"sourceUploadUrl":"https://storage.googleapis.com/uploads-68402043749.us-central1.cloudfunctions.appspot.com/b6b7ac9a-4a06-4c10-bb89-e1781147f3e8.zip?GoogleAccessId=service-305338666112@gcf-admin-robot.iam.gserviceaccount.com&Expires=1655714951&Signature=kc25zvGOswbo3laL0DmCfm%2Bi0TjR%2FukxmRbnQbKgqD1gyvGMQyF439XG0tywG8L1mKzyOdBG9iMiJ5F7fQFccvsL8mjFvHkx8B1f1fdvj%2BMHIbw21fzEd1h8xdH1jlerOHO4jHq3narNQP1NffB9jmYL4v8tqpqHL6GGnY2MiaEo8A20aAv7fHP4oiFOqYqvXNQYfwilrMZyUDWQzFDrQGCjems%2Fa2YpUjDiw8OItd%2FfzH9G4KZjLjUVOVqVOaGfqfK09fVpylKM2F8WpaFOoND6dwZ0QJymuqdyevUxq8aRH7QyhU00%2FFLMuVwMM1%2BAj5zAWV55PmTS8WfYs715Qw%3D%3D","environmentVariables":{"FIREBASE_CONFIG":"{\"projectId\":\"design-team-6d633\",\"databaseURL\":\"https://design-team-6d633-default-rtdb.asia-southeast1.firebasedatabase.app\",\"storageBucket\":\"design-team-6d633.appspot.com\",\"locationId\":\"asia-southeast1\"}","GCLOUD_PROJECT":"design-team-6d633"},"runtime":"nodejs16","ingressSettings":"ALLOW_ALL","buildId":"daec7a52-5eae-4c0d-9430-7847c5535ae8","buildName":"projects/305338666112/locations/us-central1/builds/daec7a52-5eae-4c0d-9430-7847c5535ae8","dockerRegistry":"CONTAINER_REGISTRY"},"versionId":"2","updateTime":"2022-06-20T08:19:13Z","buildId":"8f985538-9f68-4af2-b91c-e4538edb88e2","buildName":"projects/305338666112/locations/us-central1/builds/8f985538-9f68-4af2-b91c-e4538edb88e2"}}
[debug] [2022-06-20T08:19:20.694Z] [update-default-us-central1-SyncToSheets] Retrying task index 0
[debug] [2022-06-20T08:19:20.694Z] >>> [apiv2][query] GET https://cloudfunctions.googleapis.com/v1/operations/ZGVzaWduLXRlYW0tNmQ2MzMvdXMtY2VudHJhbDEvU3luY1RvU2hlZXRzL0piRVJzcGFYT0Nn [none]
[debug] [2022-06-20T08:19:21.306Z] <<< [apiv2][status] GET https://cloudfunctions.googleapis.com/v1/operations/ZGVzaWduLXRlYW0tNmQ2MzMvdXMtY2VudHJhbDEvU3luY1RvU2hlZXRzL0piRVJzcGFYT0Nn 200
[debug] [2022-06-20T08:19:21.306Z] <<< [apiv2][body] GET https://cloudfunctions.googleapis.com/v1/operations/ZGVzaWduLXRlYW0tNmQ2MzMvdXMtY2VudHJhbDEvU3luY1RvU2hlZXRzL0piRVJzcGFYT0Nn {"name":"operations/ZGVzaWduLXRlYW0tNmQ2MzMvdXMtY2VudHJhbDEvU3luY1RvU2hlZXRzL0piRVJzcGFYT0Nn","metadata":{"@type":"type.googleapis.com/google.cloud.functions.v1.OperationMetadataV1","target":"projects/design-team-6d633/locations/us-central1/functions/SyncToSheets","type":"UPDATE_FUNCTION","request":{"@type":"type.googleapis.com/google.cloud.functions.v1.CloudFunction","name":"projects/design-team-6d633/locations/us-central1/functions/SyncToSheets","eventTrigger":{"eventType":"providers/google.firebase.database/eventTypes/ref.update","resource":"projects/_/instances/design-team-6d633-default-rtdb/refs/tasks","service":"firebaseio.com"},"status":"OFFLINE","entryPoint":"SyncToSheets","timeout":"60s","availableMemoryMb":256,"serviceAccountEmail":"design-team-6d633@appspot.gserviceaccount.com","updateTime":"2022-06-20T08:14:13.006Z","versionId":"1","labels":{"deployment-tool":"cli-firebase"},"sourceUploadUrl":"https://storage.googleapis.com/uploads-68402043749.us-central1.cloudfunctions.appspot.com/b6b7ac9a-4a06-4c10-bb89-e1781147f3e8.zip?GoogleAccessId=service-305338666112@gcf-admin-robot.iam.gserviceaccount.com&Expires=1655714951&Signature=kc25zvGOswbo3laL0DmCfm%2Bi0TjR%2FukxmRbnQbKgqD1gyvGMQyF439XG0tywG8L1mKzyOdBG9iMiJ5F7fQFccvsL8mjFvHkx8B1f1fdvj%2BMHIbw21fzEd1h8xdH1jlerOHO4jHq3narNQP1NffB9jmYL4v8tqpqHL6GGnY2MiaEo8A20aAv7fHP4oiFOqYqvXNQYfwilrMZyUDWQzFDrQGCjems%2Fa2YpUjDiw8OItd%2FfzH9G4KZjLjUVOVqVOaGfqfK09fVpylKM2F8WpaFOoND6dwZ0QJymuqdyevUxq8aRH7QyhU00%2FFLMuVwMM1%2BAj5zAWV55PmTS8WfYs715Qw%3D%3D","environmentVariables":{"FIREBASE_CONFIG":"{\"projectId\":\"design-team-6d633\",\"databaseURL\":\"https://design-team-6d633-default-rtdb.asia-southeast1.firebasedatabase.app\",\"storageBucket\":\"design-team-6d633.appspot.com\",\"locationId\":\"asia-southeast1\"}","GCLOUD_PROJECT":"design-team-6d633"},"runtime":"nodejs16","ingressSettings":"ALLOW_ALL","buildId":"daec7a52-5eae-4c0d-9430-7847c5535ae8","buildName":"projects/305338666112/locations/us-central1/builds/daec7a52-5eae-4c0d-9430-7847c5535ae8","dockerRegistry":"CONTAINER_REGISTRY"},"versionId":"2","updateTime":"2022-06-20T08:19:13Z","buildId":"8f985538-9f68-4af2-b91c-e4538edb88e2","buildName":"projects/305338666112/locations/us-central1/builds/8f985538-9f68-4af2-b91c-e4538edb88e2"}}
[debug] [2022-06-20T08:19:23.311Z] [update-default-us-central1-SyncToSheets] Retrying task index 0
[debug] [2022-06-20T08:19:23.312Z] >>> [apiv2][query] GET https://cloudfunctions.googleapis.com/v1/operations/ZGVzaWduLXRlYW0tNmQ2MzMvdXMtY2VudHJhbDEvU3luY1RvU2hlZXRzL0piRVJzcGFYT0Nn [none]
[debug] [2022-06-20T08:19:23.704Z] <<< [apiv2][status] GET https://cloudfunctions.googleapis.com/v1/operations/ZGVzaWduLXRlYW0tNmQ2MzMvdXMtY2VudHJhbDEvU3luY1RvU2hlZXRzL0piRVJzcGFYT0Nn 200
[debug] [2022-06-20T08:19:23.704Z] <<< [apiv2][body] GET https://cloudfunctions.googleapis.com/v1/operations/ZGVzaWduLXRlYW0tNmQ2MzMvdXMtY2VudHJhbDEvU3luY1RvU2hlZXRzL0piRVJzcGFYT0Nn {"name":"operations/ZGVzaWduLXRlYW0tNmQ2MzMvdXMtY2VudHJhbDEvU3luY1RvU2hlZXRzL0piRVJzcGFYT0Nn","metadata":{"@type":"type.googleapis.com/google.cloud.functions.v1.OperationMetadataV1","target":"projects/design-team-6d633/locations/us-central1/functions/SyncToSheets","type":"UPDATE_FUNCTION","request":{"@type":"type.googleapis.com/google.cloud.functions.v1.CloudFunction","name":"projects/design-team-6d633/locations/us-central1/functions/SyncToSheets","eventTrigger":{"eventType":"providers/google.firebase.database/eventTypes/ref.update","resource":"projects/_/instances/design-team-6d633-default-rtdb/refs/tasks","service":"firebaseio.com"},"status":"OFFLINE","entryPoint":"SyncToSheets","timeout":"60s","availableMemoryMb":256,"serviceAccountEmail":"design-team-6d633@appspot.gserviceaccount.com","updateTime":"2022-06-20T08:14:13.006Z","versionId":"1","labels":{"deployment-tool":"cli-firebase"},"sourceUploadUrl":"https://storage.googleapis.com/uploads-68402043749.us-central1.cloudfunctions.appspot.com/b6b7ac9a-4a06-4c10-bb89-e1781147f3e8.zip?GoogleAccessId=service-305338666112@gcf-admin-robot.iam.gserviceaccount.com&Expires=1655714951&Signature=kc25zvGOswbo3laL0DmCfm%2Bi0TjR%2FukxmRbnQbKgqD1gyvGMQyF439XG0tywG8L1mKzyOdBG9iMiJ5F7fQFccvsL8mjFvHkx8B1f1fdvj%2BMHIbw21fzEd1h8xdH1jlerOHO4jHq3narNQP1NffB9jmYL4v8tqpqHL6GGnY2MiaEo8A20aAv7fHP4oiFOqYqvXNQYfwilrMZyUDWQzFDrQGCjems%2Fa2YpUjDiw8OItd%2FfzH9G4KZjLjUVOVqVOaGfqfK09fVpylKM2F8WpaFOoND6dwZ0QJymuqdyevUxq8aRH7QyhU00%2FFLMuVwMM1%2BAj5zAWV55PmTS8WfYs715Qw%3D%3D","environmentVariables":{"FIREBASE_CONFIG":"{\"projectId\":\"design-team-6d633\",\"databaseURL\":\"https://design-team-6d633-default-rtdb.asia-southeast1.firebasedatabase.app\",\"storageBucket\":\"design-team-6d633.appspot.com\",\"locationId\":\"asia-southeast1\"}","GCLOUD_PROJECT":"design-team-6d633"},"runtime":"nodejs16","ingressSettings":"ALLOW_ALL","buildId":"daec7a52-5eae-4c0d-9430-7847c5535ae8","buildName":"projects/305338666112/locations/us-central1/builds/daec7a52-5eae-4c0d-9430-7847c5535ae8","dockerRegistry":"CONTAINER_REGISTRY"},"versionId":"2","updateTime":"2022-06-20T08:19:13Z","buildId":"8f985538-9f68-4af2-b91c-e4538edb88e2","buildName":"projects/305338666112/locations/us-central1/builds/8f985538-9f68-4af2-b91c-e4538edb88e2"}}
[debug] [2022-06-20T08:19:27.706Z] [update-default-us-central1-SyncToSheets] Retrying task index 0
[debug] [2022-06-20T08:19:27.706Z] >>> [apiv2][query] GET https://cloudfunctions.googleapis.com/v1/operations/ZGVzaWduLXRlYW0tNmQ2MzMvdXMtY2VudHJhbDEvU3luY1RvU2hlZXRzL0piRVJzcGFYT0Nn [none]
[debug] [2022-06-20T08:19:28.106Z] <<< [apiv2][status] GET https://cloudfunctions.googleapis.com/v1/operations/ZGVzaWduLXRlYW0tNmQ2MzMvdXMtY2VudHJhbDEvU3luY1RvU2hlZXRzL0piRVJzcGFYT0Nn 200
[debug] [2022-06-20T08:19:28.106Z] <<< [apiv2][body] GET https://cloudfunctions.googleapis.com/v1/operations/ZGVzaWduLXRlYW0tNmQ2MzMvdXMtY2VudHJhbDEvU3luY1RvU2hlZXRzL0piRVJzcGFYT0Nn {"name":"operations/ZGVzaWduLXRlYW0tNmQ2MzMvdXMtY2VudHJhbDEvU3luY1RvU2hlZXRzL0piRVJzcGFYT0Nn","metadata":{"@type":"type.googleapis.com/google.cloud.functions.v1.OperationMetadataV1","target":"projects/design-team-6d633/locations/us-central1/functions/SyncToSheets","type":"UPDATE_FUNCTION","request":{"@type":"type.googleapis.com/google.cloud.functions.v1.CloudFunction","name":"projects/design-team-6d633/locations/us-central1/functions/SyncToSheets","eventTrigger":{"eventType":"providers/google.firebase.database/eventTypes/ref.update","resource":"projects/_/instances/design-team-6d633-default-rtdb/refs/tasks","service":"firebaseio.com"},"status":"OFFLINE","entryPoint":"SyncToSheets","timeout":"60s","availableMemoryMb":256,"serviceAccountEmail":"design-team-6d633@appspot.gserviceaccount.com","updateTime":"2022-06-20T08:14:13.006Z","versionId":"1","labels":{"deployment-tool":"cli-firebase"},"sourceUploadUrl":"https://storage.googleapis.com/uploads-68402043749.us-central1.cloudfunctions.appspot.com/b6b7ac9a-4a06-4c10-bb89-e1781147f3e8.zip?GoogleAccessId=service-305338666112@gcf-admin-robot.iam.gserviceaccount.com&Expires=1655714951&Signature=kc25zvGOswbo3laL0DmCfm%2Bi0TjR%2FukxmRbnQbKgqD1gyvGMQyF439XG0tywG8L1mKzyOdBG9iMiJ5F7fQFccvsL8mjFvHkx8B1f1fdvj%2BMHIbw21fzEd1h8xdH1jlerOHO4jHq3narNQP1NffB9jmYL4v8tqpqHL6GGnY2MiaEo8A20aAv7fHP4oiFOqYqvXNQYfwilrMZyUDWQzFDrQGCjems%2Fa2YpUjDiw8OItd%2FfzH9G4KZjLjUVOVqVOaGfqfK09fVpylKM2F8WpaFOoND6dwZ0QJymuqdyevUxq8aRH7QyhU00%2FFLMuVwMM1%2BAj5zAWV55PmTS8WfYs715Qw%3D%3D","environmentVariables":{"FIREBASE_CONFIG":"{\"projectId\":\"design-team-6d633\",\"databaseURL\":\"https://design-team-6d633-default-rtdb.asia-southeast1.firebasedatabase.app\",\"storageBucket\":\"design-team-6d633.appspot.com\",\"locationId\":\"asia-southeast1\"}","GCLOUD_PROJECT":"design-team-6d633"},"runtime":"nodejs16","ingressSettings":"ALLOW_ALL","buildId":"daec7a52-5eae-4c0d-9430-7847c5535ae8","buildName":"projects/305338666112/locations/us-central1/builds/daec7a52-5eae-4c0d-9430-7847c5535ae8","dockerRegistry":"CONTAINER_REGISTRY"},"versionId":"2","updateTime":"2022-06-20T08:19:13Z","buildId":"8f985538-9f68-4af2-b91c-e4538edb88e2","buildName":"projects/305338666112/locations/us-central1/builds/8f985538-9f68-4af2-b91c-e4538edb88e2"}}
[debug] [2022-06-20T08:19:36.115Z] [update-default-us-central1-SyncToSheets] Retrying task index 0
[debug] [2022-06-20T08:19:36.115Z] >>> [apiv2][query] GET https://cloudfunctions.googleapis.com/v1/operations/ZGVzaWduLXRlYW0tNmQ2MzMvdXMtY2VudHJhbDEvU3luY1RvU2hlZXRzL0piRVJzcGFYT0Nn [none]
[debug] [2022-06-20T08:19:36.497Z] <<< [apiv2][status] GET https://cloudfunctions.googleapis.com/v1/operations/ZGVzaWduLXRlYW0tNmQ2MzMvdXMtY2VudHJhbDEvU3luY1RvU2hlZXRzL0piRVJzcGFYT0Nn 200
[debug] [2022-06-20T08:19:36.497Z] <<< [apiv2][body] GET https://cloudfunctions.googleapis.com/v1/operations/ZGVzaWduLXRlYW0tNmQ2MzMvdXMtY2VudHJhbDEvU3luY1RvU2hlZXRzL0piRVJzcGFYT0Nn {"name":"operations/ZGVzaWduLXRlYW0tNmQ2MzMvdXMtY2VudHJhbDEvU3luY1RvU2hlZXRzL0piRVJzcGFYT0Nn","metadata":{"@type":"type.googleapis.com/google.cloud.functions.v1.OperationMetadataV1","target":"projects/design-team-6d633/locations/us-central1/functions/SyncToSheets","type":"UPDATE_FUNCTION","request":{"@type":"type.googleapis.com/google.cloud.functions.v1.CloudFunction","name":"projects/design-team-6d633/locations/us-central1/functions/SyncToSheets","eventTrigger":{"eventType":"providers/google.firebase.database/eventTypes/ref.update","resource":"projects/_/instances/design-team-6d633-default-rtdb/refs/tasks","service":"firebaseio.com"},"status":"OFFLINE","entryPoint":"SyncToSheets","timeout":"60s","availableMemoryMb":256,"serviceAccountEmail":"design-team-6d633@appspot.gserviceaccount.com","updateTime":"2022-06-20T08:14:13.006Z","versionId":"1","labels":{"deployment-tool":"cli-firebase"},"sourceUploadUrl":"https://storage.googleapis.com/uploads-68402043749.us-central1.cloudfunctions.appspot.com/b6b7ac9a-4a06-4c10-bb89-e1781147f3e8.zip?GoogleAccessId=service-305338666112@gcf-admin-robot.iam.gserviceaccount.com&Expires=1655714951&Signature=kc25zvGOswbo3laL0DmCfm%2Bi0TjR%2FukxmRbnQbKgqD1gyvGMQyF439XG0tywG8L1mKzyOdBG9iMiJ5F7fQFccvsL8mjFvHkx8B1f1fdvj%2BMHIbw21fzEd1h8xdH1jlerOHO4jHq3narNQP1NffB9jmYL4v8tqpqHL6GGnY2MiaEo8A20aAv7fHP4oiFOqYqvXNQYfwilrMZyUDWQzFDrQGCjems%2Fa2YpUjDiw8OItd%2FfzH9G4KZjLjUVOVqVOaGfqfK09fVpylKM2F8WpaFOoND6dwZ0QJymuqdyevUxq8aRH7QyhU00%2FFLMuVwMM1%2BAj5zAWV55PmTS8WfYs715Qw%3D%3D","environmentVariables":{"FIREBASE_CONFIG":"{\"projectId\":\"design-team-6d633\",\"databaseURL\":\"https://design-team-6d633-default-rtdb.asia-southeast1.firebasedatabase.app\",\"storageBucket\":\"design-team-6d633.appspot.com\",\"locationId\":\"asia-southeast1\"}","GCLOUD_PROJECT":"design-team-6d633"},"runtime":"nodejs16","ingressSettings":"ALLOW_ALL","buildId":"daec7a52-5eae-4c0d-9430-7847c5535ae8","buildName":"projects/305338666112/locations/us-central1/builds/daec7a52-5eae-4c0d-9430-7847c5535ae8","dockerRegistry":"CONTAINER_REGISTRY"},"versionId":"2","updateTime":"2022-06-20T08:19:13Z","buildId":"8f985538-9f68-4af2-b91c-e4538edb88e2","buildName":"projects/305338666112/locations/us-central1/builds/8f985538-9f68-4af2-b91c-e4538edb88e2"}}
[debug] [2022-06-20T08:19:46.504Z] [update-default-us-central1-SyncToSheets] Retrying task index 0
[debug] [2022-06-20T08:19:46.505Z] >>> [apiv2][query] GET https://cloudfunctions.googleapis.com/v1/operations/ZGVzaWduLXRlYW0tNmQ2MzMvdXMtY2VudHJhbDEvU3luY1RvU2hlZXRzL0piRVJzcGFYT0Nn [none]
[debug] [2022-06-20T08:19:47.078Z] <<< [apiv2][status] GET https://cloudfunctions.googleapis.com/v1/operations/ZGVzaWduLXRlYW0tNmQ2MzMvdXMtY2VudHJhbDEvU3luY1RvU2hlZXRzL0piRVJzcGFYT0Nn 200
[debug] [2022-06-20T08:19:47.078Z] <<< [apiv2][body] GET https://cloudfunctions.googleapis.com/v1/operations/ZGVzaWduLXRlYW0tNmQ2MzMvdXMtY2VudHJhbDEvU3luY1RvU2hlZXRzL0piRVJzcGFYT0Nn {"name":"operations/ZGVzaWduLXRlYW0tNmQ2MzMvdXMtY2VudHJhbDEvU3luY1RvU2hlZXRzL0piRVJzcGFYT0Nn","metadata":{"@type":"type.googleapis.com/google.cloud.functions.v1.OperationMetadataV1","target":"projects/design-team-6d633/locations/us-central1/functions/SyncToSheets","type":"UPDATE_FUNCTION","request":{"@type":"type.googleapis.com/google.cloud.functions.v1.CloudFunction","name":"projects/design-team-6d633/locations/us-central1/functions/SyncToSheets","eventTrigger":{"eventType":"providers/google.firebase.database/eventTypes/ref.update","resource":"projects/_/instances/design-team-6d633-default-rtdb/refs/tasks","service":"firebaseio.com"},"status":"OFFLINE","entryPoint":"SyncToSheets","timeout":"60s","availableMemoryMb":256,"serviceAccountEmail":"design-team-6d633@appspot.gserviceaccount.com","updateTime":"2022-06-20T08:14:13.006Z","versionId":"1","labels":{"deployment-tool":"cli-firebase"},"sourceUploadUrl":"https://storage.googleapis.com/uploads-68402043749.us-central1.cloudfunctions.appspot.com/b6b7ac9a-4a06-4c10-bb89-e1781147f3e8.zip?GoogleAccessId=service-305338666112@gcf-admin-robot.iam.gserviceaccount.com&Expires=1655714951&Signature=kc25zvGOswbo3laL0DmCfm%2Bi0TjR%2FukxmRbnQbKgqD1gyvGMQyF439XG0tywG8L1mKzyOdBG9iMiJ5F7fQFccvsL8mjFvHkx8B1f1fdvj%2BMHIbw21fzEd1h8xdH1jlerOHO4jHq3narNQP1NffB9jmYL4v8tqpqHL6GGnY2MiaEo8A20aAv7fHP4oiFOqYqvXNQYfwilrMZyUDWQzFDrQGCjems%2Fa2YpUjDiw8OItd%2FfzH9G4KZjLjUVOVqVOaGfqfK09fVpylKM2F8WpaFOoND6dwZ0QJymuqdyevUxq8aRH7QyhU00%2FFLMuVwMM1%2BAj5zAWV55PmTS8WfYs715Qw%3D%3D","environmentVariables":{"FIREBASE_CONFIG":"{\"projectId\":\"design-team-6d633\",\"databaseURL\":\"https://design-team-6d633-default-rtdb.asia-southeast1.firebasedatabase.app\",\"storageBucket\":\"design-team-6d633.appspot.com\",\"locationId\":\"asia-southeast1\"}","GCLOUD_PROJECT":"design-team-6d633"},"runtime":"nodejs16","ingressSettings":"ALLOW_ALL","buildId":"daec7a52-5eae-4c0d-9430-7847c5535ae8","buildName":"projects/305338666112/locations/us-central1/builds/daec7a52-5eae-4c0d-9430-7847c5535ae8","dockerRegistry":"CONTAINER_REGISTRY"},"versionId":"2","updateTime":"2022-06-20T08:19:13Z","buildId":"8f985538-9f68-4af2-b91c-e4538edb88e2","buildName":"projects/305338666112/locations/us-central1/builds/8f985538-9f68-4af2-b91c-e4538edb88e2"}}
[debug] [2022-06-20T08:19:57.081Z] [update-default-us-central1-SyncToSheets] Retrying task index 0
[debug] [2022-06-20T08:19:57.081Z] >>> [apiv2][query] GET https://cloudfunctions.googleapis.com/v1/operations/ZGVzaWduLXRlYW0tNmQ2MzMvdXMtY2VudHJhbDEvU3luY1RvU2hlZXRzL0piRVJzcGFYT0Nn [none]
[debug] [2022-06-20T08:19:57.483Z] <<< [apiv2][status] GET https://cloudfunctions.googleapis.com/v1/operations/ZGVzaWduLXRlYW0tNmQ2MzMvdXMtY2VudHJhbDEvU3luY1RvU2hlZXRzL0piRVJzcGFYT0Nn 200
[debug] [2022-06-20T08:19:57.483Z] <<< [apiv2][body] GET https://cloudfunctions.googleapis.com/v1/operations/ZGVzaWduLXRlYW0tNmQ2MzMvdXMtY2VudHJhbDEvU3luY1RvU2hlZXRzL0piRVJzcGFYT0Nn {"name":"operations/ZGVzaWduLXRlYW0tNmQ2MzMvdXMtY2VudHJhbDEvU3luY1RvU2hlZXRzL0piRVJzcGFYT0Nn","metadata":{"@type":"type.googleapis.com/google.cloud.functions.v1.OperationMetadataV1","target":"projects/design-team-6d633/locations/us-central1/functions/SyncToSheets","type":"UPDATE_FUNCTION","request":{"@type":"type.googleapis.com/google.cloud.functions.v1.CloudFunction","name":"projects/design-team-6d633/locations/us-central1/functions/SyncToSheets","eventTrigger":{"eventType":"providers/google.firebase.database/eventTypes/ref.update","resource":"projects/_/instances/design-team-6d633-default-rtdb/refs/tasks","service":"firebaseio.com"},"status":"OFFLINE","entryPoint":"SyncToSheets","timeout":"60s","availableMemoryMb":256,"serviceAccountEmail":"design-team-6d633@appspot.gserviceaccount.com","updateTime":"2022-06-20T08:14:13.006Z","versionId":"1","labels":{"deployment-tool":"cli-firebase"},"sourceUploadUrl":"https://storage.googleapis.com/uploads-68402043749.us-central1.cloudfunctions.appspot.com/b6b7ac9a-4a06-4c10-bb89-e1781147f3e8.zip?GoogleAccessId=service-305338666112@gcf-admin-robot.iam.gserviceaccount.com&Expires=1655714951&Signature=kc25zvGOswbo3laL0DmCfm%2Bi0TjR%2FukxmRbnQbKgqD1gyvGMQyF439XG0tywG8L1mKzyOdBG9iMiJ5F7fQFccvsL8mjFvHkx8B1f1fdvj%2BMHIbw21fzEd1h8xdH1jlerOHO4jHq3narNQP1NffB9jmYL4v8tqpqHL6GGnY2MiaEo8A20aAv7fHP4oiFOqYqvXNQYfwilrMZyUDWQzFDrQGCjems%2Fa2YpUjDiw8OItd%2FfzH9G4KZjLjUVOVqVOaGfqfK09fVpylKM2F8WpaFOoND6dwZ0QJymuqdyevUxq8aRH7QyhU00%2FFLMuVwMM1%2BAj5zAWV55PmTS8WfYs715Qw%3D%3D","environmentVariables":{"FIREBASE_CONFIG":"{\"projectId\":\"design-team-6d633\",\"databaseURL\":\"https://design-team-6d633-default-rtdb.asia-southeast1.firebasedatabase.app\",\"storageBucket\":\"design-team-6d633.appspot.com\",\"locationId\":\"asia-southeast1\"}","GCLOUD_PROJECT":"design-team-6d633"},"runtime":"nodejs16","ingressSettings":"ALLOW_ALL","buildId":"daec7a52-5eae-4c0d-9430-7847c5535ae8","buildName":"projects/305338666112/locations/us-central1/builds/daec7a52-5eae-4c0d-9430-7847c5535ae8","dockerRegistry":"CONTAINER_REGISTRY"},"versionId":"2","updateTime":"2022-06-20T08:19:13Z","buildId":"8f985538-9f68-4af2-b91c-e4538edb88e2","buildName":"projects/305338666112/locations/us-central1/builds/8f985538-9f68-4af2-b91c-e4538edb88e2"}}
[debug] [2022-06-20T08:20:07.489Z] [update-default-us-central1-SyncToSheets] Retrying task index 0
[debug] [2022-06-20T08:20:07.489Z] >>> [apiv2][query] GET https://cloudfunctions.googleapis.com/v1/operations/ZGVzaWduLXRlYW0tNmQ2MzMvdXMtY2VudHJhbDEvU3luY1RvU2hlZXRzL0piRVJzcGFYT0Nn [none]
[debug] [2022-06-20T08:20:08.095Z] <<< [apiv2][status] GET https://cloudfunctions.googleapis.com/v1/operations/ZGVzaWduLXRlYW0tNmQ2MzMvdXMtY2VudHJhbDEvU3luY1RvU2hlZXRzL0piRVJzcGFYT0Nn 200
[debug] [2022-06-20T08:20:08.095Z] <<< [apiv2][body] GET https://cloudfunctions.googleapis.com/v1/operations/ZGVzaWduLXRlYW0tNmQ2MzMvdXMtY2VudHJhbDEvU3luY1RvU2hlZXRzL0piRVJzcGFYT0Nn {"name":"operations/ZGVzaWduLXRlYW0tNmQ2MzMvdXMtY2VudHJhbDEvU3luY1RvU2hlZXRzL0piRVJzcGFYT0Nn","metadata":{"@type":"type.googleapis.com/google.cloud.functions.v1.OperationMetadataV1","target":"projects/design-team-6d633/locations/us-central1/functions/SyncToSheets","type":"UPDATE_FUNCTION","request":{"@type":"type.googleapis.com/google.cloud.functions.v1.CloudFunction","name":"projects/design-team-6d633/locations/us-central1/functions/SyncToSheets","eventTrigger":{"eventType":"providers/google.firebase.database/eventTypes/ref.update","resource":"projects/_/instances/design-team-6d633-default-rtdb/refs/tasks","service":"firebaseio.com"},"status":"OFFLINE","entryPoint":"SyncToSheets","timeout":"60s","availableMemoryMb":256,"serviceAccountEmail":"design-team-6d633@appspot.gserviceaccount.com","updateTime":"2022-06-20T08:14:13.006Z","versionId":"1","labels":{"deployment-tool":"cli-firebase"},"sourceUploadUrl":"https://storage.googleapis.com/uploads-68402043749.us-central1.cloudfunctions.appspot.com/b6b7ac9a-4a06-4c10-bb89-e1781147f3e8.zip?GoogleAccessId=service-305338666112@gcf-admin-robot.iam.gserviceaccount.com&Expires=1655714951&Signature=kc25zvGOswbo3laL0DmCfm%2Bi0TjR%2FukxmRbnQbKgqD1gyvGMQyF439XG0tywG8L1mKzyOdBG9iMiJ5F7fQFccvsL8mjFvHkx8B1f1fdvj%2BMHIbw21fzEd1h8xdH1jlerOHO4jHq3narNQP1NffB9jmYL4v8tqpqHL6GGnY2MiaEo8A20aAv7fHP4oiFOqYqvXNQYfwilrMZyUDWQzFDrQGCjems%2Fa2YpUjDiw8OItd%2FfzH9G4KZjLjUVOVqVOaGfqfK09fVpylKM2F8WpaFOoND6dwZ0QJymuqdyevUxq8aRH7QyhU00%2FFLMuVwMM1%2BAj5zAWV55PmTS8WfYs715Qw%3D%3D","environmentVariables":{"FIREBASE_CONFIG":"{\"projectId\":\"design-team-6d633\",\"databaseURL\":\"https://design-team-6d633-default-rtdb.asia-southeast1.firebasedatabase.app\",\"storageBucket\":\"design-team-6d633.appspot.com\",\"locationId\":\"asia-southeast1\"}","GCLOUD_PROJECT":"design-team-6d633"},"runtime":"nodejs16","ingressSettings":"ALLOW_ALL","buildId":"daec7a52-5eae-4c0d-9430-7847c5535ae8","buildName":"projects/305338666112/locations/us-central1/builds/daec7a52-5eae-4c0d-9430-7847c5535ae8","dockerRegistry":"CONTAINER_REGISTRY"},"versionId":"2","updateTime":"2022-06-20T08:19:13Z","buildId":"8f985538-9f68-4af2-b91c-e4538edb88e2","buildName":"projects/305338666112/locations/us-central1/builds/8f985538-9f68-4af2-b91c-e4538edb88e2"}}
[debug] [2022-06-20T08:20:18.104Z] [update-default-us-central1-SyncToSheets] Retrying task index 0
[debug] [2022-06-20T08:20:18.105Z] >>> [apiv2][query] GET https://cloudfunctions.googleapis.com/v1/operations/ZGVzaWduLXRlYW0tNmQ2MzMvdXMtY2VudHJhbDEvU3luY1RvU2hlZXRzL0piRVJzcGFYT0Nn [none]
[debug] [2022-06-20T08:20:18.502Z] <<< [apiv2][status] GET https://cloudfunctions.googleapis.com/v1/operations/ZGVzaWduLXRlYW0tNmQ2MzMvdXMtY2VudHJhbDEvU3luY1RvU2hlZXRzL0piRVJzcGFYT0Nn 200
[debug] [2022-06-20T08:20:18.503Z] <<< [apiv2][body] GET https://cloudfunctions.googleapis.com/v1/operations/ZGVzaWduLXRlYW0tNmQ2MzMvdXMtY2VudHJhbDEvU3luY1RvU2hlZXRzL0piRVJzcGFYT0Nn {"name":"operations/ZGVzaWduLXRlYW0tNmQ2MzMvdXMtY2VudHJhbDEvU3luY1RvU2hlZXRzL0piRVJzcGFYT0Nn","metadata":{"@type":"type.googleapis.com/google.cloud.functions.v1.OperationMetadataV1","target":"projects/design-team-6d633/locations/us-central1/functions/SyncToSheets","type":"UPDATE_FUNCTION","request":{"@type":"type.googleapis.com/google.cloud.functions.v1.CloudFunction","name":"projects/design-team-6d633/locations/us-central1/functions/SyncToSheets","eventTrigger":{"eventType":"providers/google.firebase.database/eventTypes/ref.update","resource":"projects/_/instances/design-team-6d633-default-rtdb/refs/tasks","service":"firebaseio.com"},"status":"OFFLINE","entryPoint":"SyncToSheets","timeout":"60s","availableMemoryMb":256,"serviceAccountEmail":"design-team-6d633@appspot.gserviceaccount.com","updateTime":"2022-06-20T08:14:13.006Z","versionId":"1","labels":{"deployment-tool":"cli-firebase"},"sourceUploadUrl":"https://storage.googleapis.com/uploads-68402043749.us-central1.cloudfunctions.appspot.com/b6b7ac9a-4a06-4c10-bb89-e1781147f3e8.zip?GoogleAccessId=service-305338666112@gcf-admin-robot.iam.gserviceaccount.com&Expires=1655714951&Signature=kc25zvGOswbo3laL0DmCfm%2Bi0TjR%2FukxmRbnQbKgqD1gyvGMQyF439XG0tywG8L1mKzyOdBG9iMiJ5F7fQFccvsL8mjFvHkx8B1f1fdvj%2BMHIbw21fzEd1h8xdH1jlerOHO4jHq3narNQP1NffB9jmYL4v8tqpqHL6GGnY2MiaEo8A20aAv7fHP4oiFOqYqvXNQYfwilrMZyUDWQzFDrQGCjems%2Fa2YpUjDiw8OItd%2FfzH9G4KZjLjUVOVqVOaGfqfK09fVpylKM2F8WpaFOoND6dwZ0QJymuqdyevUxq8aRH7QyhU00%2FFLMuVwMM1%2BAj5zAWV55PmTS8WfYs715Qw%3D%3D","environmentVariables":{"FIREBASE_CONFIG":"{\"projectId\":\"design-team-6d633\",\"databaseURL\":\"https://design-team-6d633-default-rtdb.asia-southeast1.firebasedatabase.app\",\"storageBucket\":\"design-team-6d633.appspot.com\",\"locationId\":\"asia-southeast1\"}","GCLOUD_PROJECT":"design-team-6d633"},"runtime":"nodejs16","ingressSettings":"ALLOW_ALL","buildId":"daec7a52-5eae-4c0d-9430-7847c5535ae8","buildName":"projects/305338666112/locations/us-central1/builds/daec7a52-5eae-4c0d-9430-7847c5535ae8","dockerRegistry":"CONTAINER_REGISTRY"},"versionId":"2","updateTime":"2022-06-20T08:20:08Z","buildId":"8f985538-9f68-4af2-b91c-e4538edb88e2","sourceToken":"38f2eb1d-faff-4ce6-94e7-5db33361807c","buildName":"projects/305338666112/locations/us-central1/builds/8f985538-9f68-4af2-b91c-e4538edb88e2"},"done":true,"error":{"code":3,"message":"Function failed on loading user code. This is likely due to a bug in the user code. Error message: Error: please examine your function logs to see the error cause: https://cloud.google.com/functions/docs/monitoring/logging#viewing_logs. Additional troubleshooting documentation can be found at https://cloud.google.com/functions/docs/troubleshooting#logging. Please visit https://cloud.google.com/functions/docs/troubleshooting for in-depth troubleshooting documentation."}}
[debug] [2022-06-20T08:20:18.503Z] Got source token 38f2eb1d-faff-4ce6-94e7-5db33361807c for region us-central1
[error] Function failed on loading user code. This is likely due to a bug in the user code. Error message: Error: please examine your function logs to see the error cause: https://cloud.google.com/functions/docs/monitoring/logging#viewing_logs. Additional troubleshooting documentation can be found at https://cloud.google.com/functions/docs/troubleshooting#logging. Please visit https://cloud.google.com/functions/docs/troubleshooting for in-depth troubleshooting documentation.
[debug] [2022-06-20T08:20:18.507Z] Total Function Deployment time: 61039
[debug] [2022-06-20T08:20:18.507Z] 1 Functions Deployed
[debug] [2022-06-20T08:20:18.507Z] 1 Functions Errored
[debug] [2022-06-20T08:20:18.507Z] 0 Function Deployments Aborted
[debug] [2022-06-20T08:20:18.507Z] Average Function Deployment time: 61039
[info] 
[info] Functions deploy had errors with the following functions:
	SyncToSheets(us-central1)
[info] i  functions: cleaning up build files... 
[debug] [2022-06-20T08:20:18.661Z] >>> [apiv2][query] GET https://us.gcr.io/v2/design-team-6d633/gcf/us-central1/tags/list [none]
[debug] [2022-06-20T08:20:19.351Z] <<< [apiv2][status] GET https://us.gcr.io/v2/design-team-6d633/gcf/us-central1/tags/list 200
[debug] [2022-06-20T08:20:19.351Z] <<< [apiv2][body] GET https://us.gcr.io/v2/design-team-6d633/gcf/us-central1/tags/list {"child":["4237addb-bffb-43b1-a91a-e3e91710df90"],"manifest":{},"name":"design-team-6d633/gcf/us-central1","tags":[]}
[debug] [2022-06-20T08:20:19.351Z] >>> [apiv2][query] GET https://us.gcr.io/v2/design-team-6d633/gcf/us-central1/4237addb-bffb-43b1-a91a-e3e91710df90/tags/list [none]
[debug] [2022-06-20T08:20:19.971Z] <<< [apiv2][status] GET https://us.gcr.io/v2/design-team-6d633/gcf/us-central1/4237addb-bffb-43b1-a91a-e3e91710df90/tags/list 200
[debug] [2022-06-20T08:20:19.971Z] <<< [apiv2][body] GET https://us.gcr.io/v2/design-team-6d633/gcf/us-central1/4237addb-bffb-43b1-a91a-e3e91710df90/tags/list {"child":["cache"],"manifest":{"sha256:ec22b4f7cc1cdb52f38a7a1a7a995e9819edc8f531037e95cbe4037ea28fa243":{"imageSizeBytes":"431902760","layerId":"","mediaType":"application/vnd.docker.distribution.manifest.v2+json","tag":["SyncToSheets_version-2","latest"],"timeCreatedMs":"315532801000","timeUploadedMs":"1655713195883"}},"name":"design-team-6d633/gcf/us-central1/4237addb-bffb-43b1-a91a-e3e91710df90","tags":["SyncToSheets_version-2","latest"]}
[debug] [2022-06-20T08:20:19.972Z] >>> [apiv2][query] GET https://us.gcr.io/v2/design-team-6d633/gcf/us-central1/4237addb-bffb-43b1-a91a-e3e91710df90/cache/tags/list [none]
[debug] [2022-06-20T08:20:19.972Z] >>> [apiv2][query] DELETE https://us.gcr.io/v2/design-team-6d633/gcf/us-central1/4237addb-bffb-43b1-a91a-e3e91710df90/manifests/SyncToSheets_version-2 [none]
[debug] [2022-06-20T08:20:19.973Z] >>> [apiv2][query] DELETE https://us.gcr.io/v2/design-team-6d633/gcf/us-central1/4237addb-bffb-43b1-a91a-e3e91710df90/manifests/latest [none]
[debug] [2022-06-20T08:20:20.629Z] <<< [apiv2][status] GET https://us.gcr.io/v2/design-team-6d633/gcf/us-central1/4237addb-bffb-43b1-a91a-e3e91710df90/cache/tags/list 200
[debug] [2022-06-20T08:20:20.629Z] <<< [apiv2][body] GET https://us.gcr.io/v2/design-team-6d633/gcf/us-central1/4237addb-bffb-43b1-a91a-e3e91710df90/cache/tags/list {"child":[],"manifest":{"sha256:9ee47b5aa63d917894494ab13900dde3f350caba88f5cf6339a0aacf42e0894f":{"imageSizeBytes":"14025019","layerId":"","mediaType":"application/vnd.docker.distribution.manifest.v2+json","tag":["latest"],"timeCreatedMs":"315532801000","timeUploadedMs":"1655713196354"}},"name":"design-team-6d633/gcf/us-central1/4237addb-bffb-43b1-a91a-e3e91710df90/cache","tags":["latest"]}
[debug] [2022-06-20T08:20:20.629Z] >>> [apiv2][query] DELETE https://us.gcr.io/v2/design-team-6d633/gcf/us-central1/4237addb-bffb-43b1-a91a-e3e91710df90/cache/manifests/latest [none]
[debug] [2022-06-20T08:20:21.051Z] <<< [apiv2][status] DELETE https://us.gcr.io/v2/design-team-6d633/gcf/us-central1/4237addb-bffb-43b1-a91a-e3e91710df90/manifests/SyncToSheets_version-2 202
[debug] [2022-06-20T08:20:21.051Z] <<< [apiv2][body] DELETE https://us.gcr.io/v2/design-team-6d633/gcf/us-central1/4237addb-bffb-43b1-a91a-e3e91710df90/manifests/SyncToSheets_version-2 {"errors":[]}
[debug] [2022-06-20T08:20:21.122Z] <<< [apiv2][status] DELETE https://us.gcr.io/v2/design-team-6d633/gcf/us-central1/4237addb-bffb-43b1-a91a-e3e91710df90/manifests/latest 202
[debug] [2022-06-20T08:20:21.122Z] <<< [apiv2][body] DELETE https://us.gcr.io/v2/design-team-6d633/gcf/us-central1/4237addb-bffb-43b1-a91a-e3e91710df90/manifests/latest {"errors":[]}
[debug] [2022-06-20T08:20:21.122Z] >>> [apiv2][query] DELETE https://us.gcr.io/v2/design-team-6d633/gcf/us-central1/4237addb-bffb-43b1-a91a-e3e91710df90/manifests/sha256:ec22b4f7cc1cdb52f38a7a1a7a995e9819edc8f531037e95cbe4037ea28fa243 [none]
[debug] [2022-06-20T08:20:21.729Z] <<< [apiv2][status] DELETE https://us.gcr.io/v2/design-team-6d633/gcf/us-central1/4237addb-bffb-43b1-a91a-e3e91710df90/cache/manifests/latest 202
[debug] [2022-06-20T08:20:21.730Z] <<< [apiv2][body] DELETE https://us.gcr.io/v2/design-team-6d633/gcf/us-central1/4237addb-bffb-43b1-a91a-e3e91710df90/cache/manifests/latest {"errors":[]}
[debug] [2022-06-20T08:20:21.730Z] >>> [apiv2][query] DELETE https://us.gcr.io/v2/design-team-6d633/gcf/us-central1/4237addb-bffb-43b1-a91a-e3e91710df90/cache/manifests/sha256:9ee47b5aa63d917894494ab13900dde3f350caba88f5cf6339a0aacf42e0894f [none]
[debug] [2022-06-20T08:20:24.064Z] <<< [apiv2][status] DELETE https://us.gcr.io/v2/design-team-6d633/gcf/us-central1/4237addb-bffb-43b1-a91a-e3e91710df90/manifests/sha256:ec22b4f7cc1cdb52f38a7a1a7a995e9819edc8f531037e95cbe4037ea28fa243 202
[debug] [2022-06-20T08:20:24.065Z] <<< [apiv2][body] DELETE https://us.gcr.io/v2/design-team-6d633/gcf/us-central1/4237addb-bffb-43b1-a91a-e3e91710df90/manifests/sha256:ec22b4f7cc1cdb52f38a7a1a7a995e9819edc8f531037e95cbe4037ea28fa243 {"errors":[]}
[debug] [2022-06-20T08:20:24.505Z] <<< [apiv2][status] DELETE https://us.gcr.io/v2/design-team-6d633/gcf/us-central1/4237addb-bffb-43b1-a91a-e3e91710df90/cache/manifests/sha256:9ee47b5aa63d917894494ab13900dde3f350caba88f5cf6339a0aacf42e0894f 202
[debug] [2022-06-20T08:20:24.505Z] <<< [apiv2][body] DELETE https://us.gcr.io/v2/design-team-6d633/gcf/us-central1/4237addb-bffb-43b1-a91a-e3e91710df90/cache/manifests/sha256:9ee47b5aa63d917894494ab13900dde3f350caba88f5cf6339a0aacf42e0894f {"errors":[]}
[debug] [2022-06-20T08:20:24.655Z] Error: Failed to update function SyncToSheets in region us-central1
    at C:\Users\Admin\AppData\Roaming\npm\node_modules\firebase-tools\lib\deploy\functions\release\fabricator.js:42:11
    at processTicksAndRejections (node:internal/process/task_queues:96:5)
    at async Fabricator.updateV1Function (C:\Users\Admin\AppData\Roaming\npm\node_modules\firebase-tools\lib\deploy\functions\release\fabricator.js:296:32)
    at async Fabricator.updateEndpoint (C:\Users\Admin\AppData\Roaming\npm\node_modules\firebase-tools\lib\deploy\functions\release\fabricator.js:137:13)
    at async handle (C:\Users\Admin\AppData\Roaming\npm\node_modules\firebase-tools\lib\deploy\functions\release\fabricator.js:78:17)
[error] 
[error] Error: There was an error deploying functions
